<?xml version="1.0" encoding="UTF-8"?>
<robot generator="Robot 5.0.1 (Python 3.11.3 on darwin)" generated="20230531 17:03:44.673" rpa="true" schemaversion="3">
<suite id="s1" name="My-Rsb-Robot" source="/Users/alihussainkazmi/Desktop/Model_Driven_RPA/my-rsb-robot">
<suite id="s1-s1" name="Tasks" source="/Users/alihussainkazmi/Desktop/Model_Driven_RPA/my-rsb-robot/tasks.robot">
<test id="s1-s1-t1" name="Get Data from JSON and use that in robot" line="16">
<kw name="Log" library="BuiltIn">
<arg>Robot is running</arg>
<doc>Logs the given message with the given level.</doc>
<msg timestamp="20230531 17:03:45.237" level="INFO">Robot is running</msg>
<status status="PASS" starttime="20230531 17:03:45.237" endtime="20230531 17:03:45.237"/>
</kw>
<kw name="Load JSON Data">
<kw name="Get File" library="OperatingSystem">
<var>${json_data}</var>
<arg>test.json</arg>
<doc>Returns the contents of a specified file.</doc>
<msg timestamp="20230531 17:03:45.237" level="INFO" html="true">Getting file '&lt;a href="file:///Users/alihussainkazmi/Desktop/Model_Driven_RPA/Backend/test.json"&gt;/Users/alihussainkazmi/Desktop/Model_Driven_RPA/Backend/test.json&lt;/a&gt;'.</msg>
<msg timestamp="20230531 17:03:45.237" level="INFO">${json_data} = {"Link":"http://localhost:3001","pages":{"Home":{"elements":[{"name":"Button","id":"register123","path":"//*[@id=\"register\"]/a","image":"register23","pixel":{"x":195,"y":0},"currentMode":"ID"}]}}}</msg>
<status status="PASS" starttime="20230531 17:03:45.237" endtime="20230531 17:03:45.237"/>
</kw>
<kw name="Evaluate" library="BuiltIn">
<var>${json_dict}</var>
<arg>${json_data}</arg>
<arg>json</arg>
<doc>Evaluates the given expression in Python and returns the result.</doc>
<msg timestamp="20230531 17:03:45.238" level="INFO">${json_dict} = {'Link': 'http://localhost:3001', 'pages': {'Home': {'elements': [{'name': 'Button', 'id': 'register123', 'path': '//*[@id="register"]/a', 'image': 'register23', 'pixel': {'x': 195, 'y': 0}, 'currentM...</msg>
<status status="PASS" starttime="20230531 17:03:45.237" endtime="20230531 17:03:45.238"/>
</kw>
<kw name="Set Suite Variable" library="BuiltIn">
<arg>${json_dict}</arg>
<doc>Makes a variable available everywhere within the scope of the current suite.</doc>
<msg timestamp="20230531 17:03:45.238" level="INFO">${json_dict} = {'Link': 'http://localhost:3001', 'pages': {'Home': {'elements': [{'name': 'Button', 'id': 'register123', 'path': '//*[@id="register"]/a', 'image': 'register23', 'pixel': {'x': 195, 'y': 0}, 'currentM...</msg>
<status status="PASS" starttime="20230531 17:03:45.238" endtime="20230531 17:03:45.238"/>
</kw>
<kw name="Log" library="BuiltIn">
<arg>${json_dict}</arg>
<doc>Logs the given message with the given level.</doc>
<msg timestamp="20230531 17:03:45.238" level="INFO">{'Link': 'http://localhost:3001', 'pages': {'Home': {'elements': [{'name': 'Button', 'id': 'register123', 'path': '//*[@id="register"]/a', 'image': 'register23', 'pixel': {'x': 195, 'y': 0}, 'currentMode': 'ID'}]}}}</msg>
<status status="PASS" starttime="20230531 17:03:45.238" endtime="20230531 17:03:45.238"/>
</kw>
<status status="PASS" starttime="20230531 17:03:45.237" endtime="20230531 17:03:45.238"/>
</kw>
<kw name="Open the website">
<kw name="Set Variable" library="BuiltIn">
<var>${link}</var>
<arg>${json_dict["Link"]}</arg>
<doc>Returns the given values which can then be assigned to a variables.</doc>
<msg timestamp="20230531 17:03:45.238" level="INFO">${link} = http://localhost:3001</msg>
<status status="PASS" starttime="20230531 17:03:45.238" endtime="20230531 17:03:45.238"/>
</kw>
<kw name="Log To Console" library="BuiltIn">
<arg>${link}</arg>
<doc>Logs the given message to the console.</doc>
<status status="PASS" starttime="20230531 17:03:45.238" endtime="20230531 17:03:45.238"/>
</kw>
<kw name="Log" library="BuiltIn">
<arg>${link}</arg>
<doc>Logs the given message with the given level.</doc>
<msg timestamp="20230531 17:03:45.238" level="INFO">http://localhost:3001</msg>
<status status="PASS" starttime="20230531 17:03:45.238" endtime="20230531 17:03:45.238"/>
</kw>
<kw name="Open Available Browser" library="RPA.Browser.Selenium">
<arg>${link}</arg>
<doc>Attempts to open a browser on the user's device from a set of
supported browsers. Automatically downloads a corresponding webdriver
if none is already installed.</doc>
<msg timestamp="20230531 17:03:45.239" level="INFO">Creating an instance of the Chrome WebDriver.</msg>
<msg timestamp="20230531 17:03:45.239" level="INFO">Applicable driver not found; attempting to install with Selenium Manager (Beta)</msg>
<msg timestamp="20230531 17:03:46.634" level="INFO">Created Chrome browser with arguments: --disable-dev-shm-usage --disable-web-security --allow-running-insecure-content --no-sandbox</msg>
<msg timestamp="20230531 17:03:46.634" level="INFO" html="true">&lt;p&gt;Attempted combinations:&lt;/p&gt;&lt;div class="doc"&gt;&lt;table&gt;&lt;tr&gt;&lt;th&gt;Browser&lt;/th&gt;&lt;th&gt;Download&lt;/th&gt;&lt;th&gt;Error&lt;/th&gt;&lt;/tr&gt;&lt;tr&gt;&lt;td&gt;Chrome&lt;/td&gt;&lt;td&gt;False&lt;/td&gt;&lt;td&gt;&lt;/td&gt;&lt;/tr&gt;&lt;/table&gt;&lt;/div&gt;</msg>
<msg timestamp="20230531 17:03:46.634" level="INFO">Opening url 'http://localhost:3001'</msg>
<status status="PASS" starttime="20230531 17:03:45.238" endtime="20230531 17:03:47.116"/>
</kw>
<status status="PASS" starttime="20230531 17:03:45.238" endtime="20230531 17:03:47.116"/>
</kw>
<kw name="Sleep" library="BuiltIn">
<arg>5 seconds</arg>
<doc>Pauses the test executed for the given time.</doc>
<msg timestamp="20230531 17:03:52.117" level="INFO">Slept 5 seconds</msg>
<status status="PASS" starttime="20230531 17:03:47.116" endtime="20230531 17:03:52.117"/>
</kw>
<kw name="Click Button Model">
<arg>${json_dict["pages"]["Home"]["elements"][0]}</arg>
<kw name="Set Suite Variable" library="BuiltIn">
<arg>${interaction_status}</arg>
<arg>${EMPTY}</arg>
<doc>Makes a variable available everywhere within the scope of the current suite.</doc>
<msg timestamp="20230531 17:03:52.119" level="INFO">${interaction_status} = </msg>
<status status="PASS" starttime="20230531 17:03:52.119" endtime="20230531 17:03:52.119"/>
</kw>
<kw name="Click Button By ID">
<arg>${element["id"]}</arg>
<kw name="Run Keyword And Return Status" library="BuiltIn">
<var>${element_exists}</var>
<arg>Element Should Be Visible</arg>
<arg>id=${id}</arg>
<doc>Runs the given keyword with given arguments and returns the status as a Boolean value.</doc>
<kw name="Element Should Be Visible" library="RPA.Browser.Selenium">
<arg>id=${id}</arg>
<doc>Verifies that the element identified by ``locator`` is visible.</doc>
<msg timestamp="20230531 17:03:52.678" level="INFO" html="true">&lt;/td&gt;&lt;/tr&gt;&lt;tr&gt;&lt;td colspan="3"&gt;&lt;a href="selenium-screenshot-54.png"&gt;&lt;img src="selenium-screenshot-54.png" width="800px"&gt;&lt;/a&gt;</msg>
<msg timestamp="20230531 17:03:52.678" level="FAIL">Element with locator 'id=register123' not found.</msg>
<status status="FAIL" starttime="20230531 17:03:52.120" endtime="20230531 17:03:52.680"/>
</kw>
<msg timestamp="20230531 17:03:52.680" level="INFO">${element_exists} = False</msg>
<status status="PASS" starttime="20230531 17:03:52.120" endtime="20230531 17:03:52.680"/>
</kw>
<kw name="Run Keyword If" library="BuiltIn">
<arg>'${element_exists}' == 'True'</arg>
<arg>Run Keywords</arg>
<arg>Set Status Pass</arg>
<arg>AND</arg>
<arg>Click Element</arg>
<arg>id=${id}</arg>
<arg>ELSE</arg>
<arg>Set Status Fail</arg>
<doc>Runs the given keyword with the given arguments, if ``condition`` is true.</doc>
<kw name="Set Status Fail">
<kw name="Set Suite Variable" library="BuiltIn">
<arg>${interaction_status}</arg>
<arg>Fail</arg>
<doc>Makes a variable available everywhere within the scope of the current suite.</doc>
<msg timestamp="20230531 17:03:52.681" level="INFO">${interaction_status} = Fail</msg>
<status status="PASS" starttime="20230531 17:03:52.681" endtime="20230531 17:03:52.681"/>
</kw>
<status status="PASS" starttime="20230531 17:03:52.680" endtime="20230531 17:03:52.681"/>
</kw>
<status status="PASS" starttime="20230531 17:03:52.680" endtime="20230531 17:03:52.681"/>
</kw>
<status status="PASS" starttime="20230531 17:03:52.119" endtime="20230531 17:03:52.681"/>
</kw>
<kw name="Run Keyword If" library="BuiltIn">
<arg>'${interaction_status}' == 'Fail'</arg>
<arg>Click Button By Path</arg>
<arg>${element["path"]}</arg>
<doc>Runs the given keyword with the given arguments, if ``condition`` is true.</doc>
<kw name="Click Button By Path">
<arg>${element["path"]}</arg>
<kw name="Run Keyword And Return Status" library="BuiltIn">
<var>${element_exists}</var>
<arg>Element Should Be Visible</arg>
<arg>xpath=${path}</arg>
<doc>Runs the given keyword with given arguments and returns the status as a Boolean value.</doc>
<kw name="Element Should Be Visible" library="RPA.Browser.Selenium">
<arg>xpath=${path}</arg>
<doc>Verifies that the element identified by ``locator`` is visible.</doc>
<msg timestamp="20230531 17:03:52.694" level="INFO">Element 'xpath=//*[@id="register"]/a' is displayed.</msg>
<status status="PASS" starttime="20230531 17:03:52.681" endtime="20230531 17:03:52.695"/>
</kw>
<msg timestamp="20230531 17:03:52.695" level="INFO">${element_exists} = True</msg>
<status status="PASS" starttime="20230531 17:03:52.681" endtime="20230531 17:03:52.695"/>
</kw>
<kw name="Run Keyword If" library="BuiltIn">
<arg>'${element_exists}' == 'True'</arg>
<arg>Click Element</arg>
<arg>xpath=${path}</arg>
<arg>ELSE</arg>
<arg>Set Status Fail</arg>
<doc>Runs the given keyword with the given arguments, if ``condition`` is true.</doc>
<kw name="Click Element" library="RPA.Browser.Selenium">
<arg>xpath=${path}</arg>
<doc>Click the element identified by ``locator``.</doc>
<msg timestamp="20230531 17:03:52.695" level="INFO">Clicking element 'xpath=//*[@id="register"]/a'.</msg>
<status status="PASS" starttime="20230531 17:03:52.695" endtime="20230531 17:03:52.736"/>
</kw>
<status status="PASS" starttime="20230531 17:03:52.695" endtime="20230531 17:03:52.736"/>
</kw>
<kw name="Run Keyword If" library="BuiltIn">
<arg>'${element_exists}' == 'True'</arg>
<arg>Set Suite Variable</arg>
<arg>${status}</arg>
<arg>${True}</arg>
<doc>Runs the given keyword with the given arguments, if ``condition`` is true.</doc>
<kw name="Set Suite Variable" library="BuiltIn">
<arg>${status}</arg>
<arg>${True}</arg>
<doc>Makes a variable available everywhere within the scope of the current suite.</doc>
<msg timestamp="20230531 17:03:52.737" level="INFO">${status} = True</msg>
<status status="PASS" starttime="20230531 17:03:52.736" endtime="20230531 17:03:52.737"/>
</kw>
<status status="PASS" starttime="20230531 17:03:52.736" endtime="20230531 17:03:52.737"/>
</kw>
<status status="PASS" starttime="20230531 17:03:52.681" endtime="20230531 17:03:52.737"/>
</kw>
<status status="PASS" starttime="20230531 17:03:52.681" endtime="20230531 17:03:52.737"/>
</kw>
<status status="PASS" starttime="20230531 17:03:52.117" endtime="20230531 17:03:52.737"/>
</kw>
<kw name="Sleep" library="BuiltIn">
<arg>2 seconds</arg>
<doc>Pauses the test executed for the given time.</doc>
<msg timestamp="20230531 17:03:54.738" level="INFO">Slept 2 seconds</msg>
<status status="PASS" starttime="20230531 17:03:52.737" endtime="20230531 17:03:54.739"/>
</kw>
<status status="PASS" starttime="20230531 17:03:45.237" endtime="20230531 17:03:54.739"/>
</test>
<doc>Get Data from JSON and use that in robot.</doc>
<status status="PASS" starttime="20230531 17:03:44.680" endtime="20230531 17:03:54.742"/>
</suite>
<status status="PASS" starttime="20230531 17:03:44.673" endtime="20230531 17:03:54.744"/>
</suite>
<statistics>
<total>
<stat pass="1" fail="0" skip="0">All Tasks</stat>
</total>
<tag>
</tag>
<suite>
<stat pass="1" fail="0" skip="0" id="s1" name="My-Rsb-Robot">My-Rsb-Robot</stat>
<stat pass="1" fail="0" skip="0" id="s1-s1" name="Tasks">My-Rsb-Robot.Tasks</stat>
</suite>
</statistics>
<errors>
</errors>
</robot>
